2026-02-16 00:40:40 - Let x be a real number with 0 < x < 1 and let (a_n)n‚ąąN be a sequence of positive real numbers such that, for all n, \frac{a_{n+1}}{a_n}<x. Prove the series \sum^\infty_{n=1}a_n converges.
2026-02-16 00:40:52 - Claim: Let x be a real number with 0 < x < 1 and let (a‚āô)‚āô‚ąą‚Ąē be a sequence of positive real numbers such that, for all n, a‚āô‚āä‚āĀ/a‚āô < x. Then the series ‚ąĎ_{n=1}^‚ąě a‚āô converges.

PROVIDED SOLUTION

**Proof:**

Since a‚āô‚āä‚āĀ/a‚āô < x for all n ‚ąą ‚Ąē, we have:
- a‚āā/a‚āĀ < x, which gives a‚āā < xa‚āĀ
- a‚āÉ/a‚āā < x, which gives a‚āÉ < xa‚āā < x(xa‚āĀ) = x¬≤a‚āĀ
- a‚āĄ/a‚āÉ < x, which gives a‚āĄ < xa‚āÉ < x(x¬≤a‚āĀ) = x¬≥a‚āĀ

By induction, we can prove that for all n ‚Č• 1:
$$a_{n+1} < x^n a_1$$

**Induction proof:**
- Base case (n=1): a‚āā < xa‚āĀ = x¬Ļa‚āĀ ‚úď
- Inductive step: Assume a‚āô < x‚ĀŅ‚ĀĽ¬Ļa‚āĀ. Then:
$$a_{n+1} < x \cdot a_n < x \cdot x^{n-1}a_1 = x^n a_1$$

Therefore, for all n ‚Č• 1: a‚āô < x‚ĀŅ‚ĀĽ¬Ļa‚āĀ, or equivalently, a‚āô ‚Č§ Cx‚ĀŅ‚ĀĽ¬Ļ where C = a‚āĀ.

Now consider the series ‚ąĎ_{n=1}^‚ąě a‚āô:
$$\sum_{n=1}^‚ąě a_n < \sum_{n=1}^‚ąě a_1 x^{n-1} = a_1 \sum_{n=1}^‚ąě x^{n-1} = a_1 \sum_{k=0}^‚ąě x^k$$

Since 0 < x < 1, the geometric series ‚ąĎ_{k=0}^‚ąě xŠĶŹ converges to 1/(1-x).

Therefore:
$$\sum_{n=1}^‚ąě a_n < a_1 \cdot \frac{1}{1-x} < \infty$$

By the comparison test, since all terms a‚āô are positive and the series is bounded above by a convergent series, ‚ąĎ_{n=1}^‚ąě a‚āô converges.

‚ąé
2026-02-16 00:41:28 - <ÔĹúbegin‚ĖĀof‚ĖĀsentenceÔĹú><ÔĹúUserÔĹú>This is a claim and proof written in natural language can you write it in lean as 1 to 1 as possible even if there is mistakes

This is a claim and proof written in natural language can you write it in lean as 1 to 1 as possible even if there is mistakes

Claim: Let x be a real number with 0 < x < 1 and let (a‚āô)‚āô‚ąą‚Ąē be a sequence of positive real numbers such that, for all n, a‚āô‚āä‚āĀ/a‚āô < x. Then the series ‚ąĎ_{n=1}^‚ąě a‚āô converges.

PROVIDED SOLUTION

**Proof:**

Since a‚āô‚āä‚āĀ/a‚āô < x for all n ‚ąą ‚Ąē, we have:
- a‚āā/a‚āĀ < x, which gives a‚āā < xa‚āĀ
- a‚āÉ/a‚āā < x, which gives a‚āÉ < xa‚āā < x(xa‚āĀ) = x¬≤a‚āĀ
- a‚āĄ/a‚āÉ < x, which gives a‚āĄ < xa‚āÉ < x(x¬≤a‚āĀ) = x¬≥a‚āĀ

By induction, we can prove that for all n ‚Č• 1:
$$a_{n+1} < x^n a_1$$

**Induction proof:**
- Base case (n=1): a‚āā < xa‚āĀ = x¬Ļa‚āĀ ‚úď
- Inductive step: Assume a‚āô < x‚ĀŅ‚ĀĽ¬Ļa‚āĀ. Then:
$$a_{n+1} < x \cdot a_n < x \cdot x^{n-1}a_1 = x^n a_1$$

Therefore, for all n ‚Č• 1: a‚āô < x‚ĀŅ‚ĀĽ¬Ļa‚āĀ, or equivalently, a‚āô ‚Č§ Cx‚ĀŅ‚ĀĽ¬Ļ where C = a‚āĀ.

Now consider the series ‚ąĎ_{n=1}^‚ąě a‚āô:
$$\sum_{n=1}^‚ąě a_n < \sum_{n=1}^‚ąě a_1 x^{n-1} = a_1 \sum_{n=1}^‚ąě x^{n-1} = a_1 \sum_{k=0}^‚ąě x^k$$

Since 0 < x < 1, the geometric series ‚ąĎ_{k=0}^‚ąě xŠĶŹ converges to 1/(1-x).

Therefore:
$$\sum_{n=1}^‚ąě a_n < a_1 \cdot \frac{1}{1-x} < \infty$$

By the comparison test, since all terms a‚āô are positive and the series is bounded above by a convergent series, ‚ąĎ_{n=1}^‚ąě a‚āô converges.

‚ąé

Complete the following Lean 4 code:

```lean4
import Mathlib
import Aesop

set_option maxHeartbeats 0

open BigOperators Real Nat Topology Rat
```
even if there are errors in the given proof the lean should follow the given proof exactly, please only leave sorry's if
<ÔĹúAssistantÔĹú>### Lean 4 Proof Sketch

```lean4
theorem series_converges (x : ‚ĄĚ) (hx : 0 < x ‚ąß x < 1) (a : ‚Ąē ‚Üí ‚ĄĚ) (ha : ‚ąÄ n, 0 < a n) (h : ‚ąÄ n, a (n + 1) / a n < x) : 
  Summable a := by
  have h‚āĀ : ‚ąÄ n, a (n + 1) < x ^ n * a 1 := by
    sorry
  have h‚āā : ‚ąÄ n, a n ‚Č§ a 1 * x ^ (n - 1) := by
    sorry
  have h‚āÉ : Summable a := by
    sorry
  sorry
```

### Explanation of Lean 4 Proof Sketch

1. **`h‚āĀ : ‚ąÄ n, a (n + 1) < x ^ n * a 1`**:
   - This is the key inequality derived from the given condition `a (n + 1) / a n < x`.
   - The proof is by induction, and the base case and inductive step are straightforward from the given condition.

2. **`h‚āā : ‚ąÄ n, a n ‚Č§ a 1 * x ^ (n - 1)`**:
   - This is a rearrangement of the inequality in `h‚āĀ` to a more convenient form.
   - The proof is by induction, and the base case and inductive step are straightforward.

3. **`h‚āÉ : Summable a`**:
   - The series `‚ąĎ a n` is bounded above by a convergent geometric series `‚ąĎ a 1 * x ^ (n - 1)`, hence it converges.
   - The proof uses the comparison test with the geometric series and the fact that `0 < x < 1`.

Each `sorry` corresponds to a step in the proof that needs to be filled in with the appropriate Lean 4 tactics. The actual Lean 4 proof would require more detailed steps to fill in these gaps, but this sketch provides the high-level structure.<ÔĹúend‚ĖĀof‚ĖĀsentenceÔĹú>
